android/app/build/intermediates/manifest_merge_blame_file/release/manifest-merger-blame-release-report.txt
1<?xml version="1.0" encoding="utf-8"?>
2<manifest xmlns:android="http://schemas.android.com/apk/res/android"
3    package="com.zynotech.dental_rescue"
4    android:versionCode="4"
5    android:versionName="1.0.0" >
6
7    <uses-sdk
8        android:minSdkVersion="21"
8-->src\main\AndroidManifest.xml
9        android:targetSdkVersion="30" />
9-->src\main\AndroidManifest.xml
10
11    <uses-permission android:name="android.permission.READ_PHONE_STATE" />
11-->src\main\AndroidManifest.xml:2:1-70
11-->src\main\AndroidManifest.xml:2:18-68
12    <uses-permission android:name="android.permission.INTERNET" />
12-->src\main\AndroidManifest.xml:3:1-63
12-->src\main\AndroidManifest.xml:3:18-60
13    <uses-permission android:name="android.permission.RECORD_AUDIO" />
13-->src\main\AndroidManifest.xml:4:1-67
13-->src\main\AndroidManifest.xml:4:18-64
14    <uses-permission android:name="android.permission.CAMERA" />
14-->src\main\AndroidManifest.xml:5:1-61
14-->src\main\AndroidManifest.xml:5:18-58
15    <uses-permission android:name="android.permission.MODIFY_AUDIO_SETTINGS" />
15-->src\main\AndroidManifest.xml:6:1-76
15-->src\main\AndroidManifest.xml:6:18-73
16    <uses-permission android:name="android.permission.ACCESS_NETWORK_STATE" />
16-->src\main\AndroidManifest.xml:7:1-75
16-->src\main\AndroidManifest.xml:7:18-72
17    <uses-permission android:name="android.permission.READ_EXTERNAL_STORAGE" />
17-->src\main\AndroidManifest.xml:8:1-75
17-->src\main\AndroidManifest.xml:8:18-73
18    <uses-permission android:name="android.permission.VIBRATE" />
18-->src\main\AndroidManifest.xml:9:1-62
18-->src\main\AndroidManifest.xml:9:18-59
19    <uses-permission android:name="android.permission.WRITE_EXTERNAL_STORAGE" />
19-->src\main\AndroidManifest.xml:10:1-76
19-->src\main\AndroidManifest.xml:10:18-74
20    <!-- The Agora SDK requires Bluetooth permissions in case users are using Bluetooth devices. -->
21    <uses-permission android:name="android.permission.BLUETOOTH" />
21-->src\main\AndroidManifest.xml:12:1-64
21-->src\main\AndroidManifest.xml:12:18-61
22    <uses-permission android:name="com.android.vending.Billing" />
22-->src\main\AndroidManifest.xml:13:1-63
22-->src\main\AndroidManifest.xml:13:18-60
23    <uses-permission android:name="com.android.vending.BILLING" />
23-->[com.android.billingclient:billing:4.0.0] AndroidManifest.xml:10:5-67
23-->[com.android.billingclient:billing:4.0.0] AndroidManifest.xml:10:22-64
24
25    <application
25-->src\main\AndroidManifest.xml:14:4-51:19
26        android:appComponentFactory="androidx.core.app.CoreComponentFactory"
26-->[androidx.core:core:1.3.1] AndroidManifest.xml:24:18-86
27        android:icon="@mipmap/ic_launcher"
27-->src\main\AndroidManifest.xml:16:9-43
28        android:label="Dental Rescue" >
28-->src\main\AndroidManifest.xml:15:9-38
29        <activity
29-->src\main\AndroidManifest.xml:17:9-45:20
30            android:name="com.example.dental_rescue.MainActivity"
30-->src\main\AndroidManifest.xml:18:13-41
31            android:configChanges="orientation|keyboardHidden|keyboard|screenSize|smallestScreenSize|locale|layoutDirection|fontScale|screenLayout|density|uiMode"
31-->src\main\AndroidManifest.xml:21:13-163
32            android:hardwareAccelerated="true"
32-->src\main\AndroidManifest.xml:22:13-47
33            android:launchMode="singleTop"
33-->src\main\AndroidManifest.xml:19:13-43
34            android:theme="@style/LaunchTheme"
34-->src\main\AndroidManifest.xml:20:13-47
35            android:windowSoftInputMode="adjustResize" >
35-->src\main\AndroidManifest.xml:23:13-55
36
37            <!--
38                 Specifies an Android theme to apply to this Activity as soon as
39                 the Android process has started. This theme is visible to the user
40                 while the Flutter UI initializes. After that, this theme continues
41                 to determine the Window background behind the Flutter UI.
42            -->
43            <meta-data
43-->src\main\AndroidManifest.xml:28:13-31:17
44                android:name="io.flutter.embedding.android.NormalTheme"
44-->src\main\AndroidManifest.xml:29:15-70
45                android:resource="@style/NormalTheme" />
45-->src\main\AndroidManifest.xml:30:15-52
46            <!--
47                 Displays an Android View that continues showing the launch screen
48                 Drawable until Flutter paints its first frame, then this splash
49                 screen fades out. A splash screen is useful to avoid any visual
50                 gap between the end of Android's launch screen and the painting of
51                 Flutter's first frame.
52            -->
53            <meta-data
53-->src\main\AndroidManifest.xml:37:13-40:17
54                android:name="io.flutter.embedding.android.SplashScreenDrawable"
54-->src\main\AndroidManifest.xml:38:15-79
55                android:resource="@drawable/launch_background" />
55-->src\main\AndroidManifest.xml:39:15-61
56
57            <intent-filter>
57-->src\main\AndroidManifest.xml:41:13-44:29
58                <action android:name="android.intent.action.MAIN" />
58-->src\main\AndroidManifest.xml:42:17-68
58-->src\main\AndroidManifest.xml:42:25-66
59
60                <category android:name="android.intent.category.LAUNCHER" />
60-->src\main\AndroidManifest.xml:43:17-76
60-->src\main\AndroidManifest.xml:43:27-74
61            </intent-filter>
62        </activity>
63        <!--
64             Don't delete the meta-data below.
65             This is used by the Flutter tool to generate GeneratedPluginRegistrant.java
66        -->
67        <meta-data
67-->src\main\AndroidManifest.xml:48:9-50:33
68            android:name="flutterEmbedding"
68-->src\main\AndroidManifest.xml:49:13-44
69            android:value="2" />
69-->src\main\AndroidManifest.xml:50:13-30
70
71        <service
71-->[:firebase_storage] AndroidManifest.xml:8:9-12:19
72            android:name="com.google.firebase.components.ComponentDiscoveryService"
72-->[:firebase_storage] AndroidManifest.xml:8:18-89
73            android:directBootAware="true"
73-->[com.google.firebase:firebase-common:19.5.0] AndroidManifest.xml:35:13-43
74            android:exported="false" >
74-->[com.google.firebase:firebase-storage:19.2.1] AndroidManifest.xml:32:13-37
75            <meta-data
75-->[:firebase_storage] AndroidManifest.xml:9:13-11:85
76                android:name="com.google.firebase.components:io.flutter.plugins.firebase.storage.FlutterFirebaseAppRegistrar"
76-->[:firebase_storage] AndroidManifest.xml:10:17-126
77                android:value="com.google.firebase.components.ComponentRegistrar" />
77-->[:firebase_storage] AndroidManifest.xml:11:17-82
78            <meta-data
78-->[:cloud_firestore] AndroidManifest.xml:9:13-11:85
79                android:name="com.google.firebase.components:io.flutter.plugins.firebase.firestore.FlutterFirebaseFirestoreRegistrar"
79-->[:cloud_firestore] AndroidManifest.xml:10:17-134
80                android:value="com.google.firebase.components.ComponentRegistrar" />
80-->[:cloud_firestore] AndroidManifest.xml:11:17-82
81            <meta-data
81-->[:firebase_auth] AndroidManifest.xml:9:13-11:85
82                android:name="com.google.firebase.components:io.flutter.plugins.firebase.auth.FlutterFirebaseAuthRegistrar"
82-->[:firebase_auth] AndroidManifest.xml:10:17-124
83                android:value="com.google.firebase.components.ComponentRegistrar" />
83-->[:firebase_auth] AndroidManifest.xml:11:17-82
84            <meta-data
84-->[:firebase_core] AndroidManifest.xml:9:13-11:85
85                android:name="com.google.firebase.components:io.flutter.plugins.firebase.core.FlutterFirebaseCoreRegistrar"
85-->[:firebase_core] AndroidManifest.xml:10:17-124
86                android:value="com.google.firebase.components.ComponentRegistrar" />
86-->[:firebase_core] AndroidManifest.xml:11:17-82
87            <meta-data
87-->[com.google.firebase:firebase-storage:19.2.1] AndroidManifest.xml:33:13-35:85
88                android:name="com.google.firebase.components:com.google.firebase.storage.StorageRegistrar"
88-->[com.google.firebase:firebase-storage:19.2.1] AndroidManifest.xml:34:17-107
89                android:value="com.google.firebase.components.ComponentRegistrar" />
89-->[com.google.firebase:firebase-storage:19.2.1] AndroidManifest.xml:35:17-82
90            <meta-data
90-->[com.google.firebase:firebase-firestore:22.0.1] AndroidManifest.xml:20:13-22:85
91                android:name="com.google.firebase.components:com.google.firebase.firestore.FirestoreRegistrar"
91-->[com.google.firebase:firebase-firestore:22.0.1] AndroidManifest.xml:21:17-111
92                android:value="com.google.firebase.components.ComponentRegistrar" />
92-->[com.google.firebase:firebase-firestore:22.0.1] AndroidManifest.xml:22:17-82
93            <meta-data
93-->[com.google.firebase:firebase-auth:20.0.1] AndroidManifest.xml:77:13-79:85
94                android:name="com.google.firebase.components:com.google.firebase.auth.FirebaseAuthRegistrar"
94-->[com.google.firebase:firebase-auth:20.0.1] AndroidManifest.xml:78:17-109
95                android:value="com.google.firebase.components.ComponentRegistrar" />
95-->[com.google.firebase:firebase-auth:20.0.1] AndroidManifest.xml:79:17-82
96            <!--
97                This registrar is not defined in the dynamic-module-support sdk itself to allow non-firebase
98                clients to use it as well, by defining this registrar in their own core/common library.
99            -->
100            <meta-data
100-->[com.google.firebase:firebase-common:19.5.0] AndroidManifest.xml:43:13-45:85
101                android:name="com.google.firebase.components:com.google.firebase.dynamicloading.DynamicLoadingRegistrar"
101-->[com.google.firebase:firebase-common:19.5.0] AndroidManifest.xml:44:17-121
102                android:value="com.google.firebase.components.ComponentRegistrar" />
102-->[com.google.firebase:firebase-common:19.5.0] AndroidManifest.xml:45:17-82
103        </service>
104
105        <provider
105-->[:image_picker] AndroidManifest.xml:11:9-19:20
106            android:name="io.flutter.plugins.imagepicker.ImagePickerFileProvider"
106-->[:image_picker] AndroidManifest.xml:12:13-82
107            android:authorities="com.zynotech.dental_rescue.flutter.image_provider"
107-->[:image_picker] AndroidManifest.xml:13:13-74
108            android:exported="false"
108-->[:image_picker] AndroidManifest.xml:14:13-37
109            android:grantUriPermissions="true" >
109-->[:image_picker] AndroidManifest.xml:15:13-47
110            <meta-data
110-->[:image_picker] AndroidManifest.xml:16:13-18:75
111                android:name="android.support.FILE_PROVIDER_PATHS"
111-->[:image_picker] AndroidManifest.xml:17:17-67
112                android:resource="@xml/flutter_image_picker_file_paths" />
112-->[:image_picker] AndroidManifest.xml:18:17-72
113        </provider>
114
115        <activity
115-->[com.google.firebase:firebase-auth:20.0.1] AndroidManifest.xml:27:9-44:20
116            android:name="com.google.firebase.auth.internal.GenericIdpActivity"
116-->[com.google.firebase:firebase-auth:20.0.1] AndroidManifest.xml:28:13-80
117            android:excludeFromRecents="true"
117-->[com.google.firebase:firebase-auth:20.0.1] AndroidManifest.xml:29:13-46
118            android:exported="true"
118-->[com.google.firebase:firebase-auth:20.0.1] AndroidManifest.xml:30:13-36
119            android:launchMode="singleTask"
119-->[com.google.firebase:firebase-auth:20.0.1] AndroidManifest.xml:31:13-44
120            android:theme="@android:style/Theme.Translucent.NoTitleBar" >
120-->[com.google.firebase:firebase-auth:20.0.1] AndroidManifest.xml:32:13-72
121            <intent-filter>
121-->[com.google.firebase:firebase-auth:20.0.1] AndroidManifest.xml:33:13-43:29
122                <action android:name="android.intent.action.VIEW" />
122-->[com.google.firebase:firebase-auth:20.0.1] AndroidManifest.xml:34:17-69
122-->[com.google.firebase:firebase-auth:20.0.1] AndroidManifest.xml:34:25-66
123
124                <category android:name="android.intent.category.DEFAULT" />
124-->[com.google.firebase:firebase-auth:20.0.1] AndroidManifest.xml:36:17-76
124-->[com.google.firebase:firebase-auth:20.0.1] AndroidManifest.xml:36:27-73
125                <category android:name="android.intent.category.BROWSABLE" />
125-->[com.google.firebase:firebase-auth:20.0.1] AndroidManifest.xml:37:17-78
125-->[com.google.firebase:firebase-auth:20.0.1] AndroidManifest.xml:37:27-75
126
127                <data
127-->[com.google.firebase:firebase-auth:20.0.1] AndroidManifest.xml:39:17-42:51
128                    android:host="firebase.auth"
128-->[com.google.firebase:firebase-auth:20.0.1] AndroidManifest.xml:40:21-49
129                    android:path="/"
129-->[com.google.firebase:firebase-auth:20.0.1] AndroidManifest.xml:41:21-37
130                    android:scheme="genericidp" />
130-->[com.google.firebase:firebase-auth:20.0.1] AndroidManifest.xml:42:21-48
131            </intent-filter>
132        </activity>
133        <activity
133-->[com.google.firebase:firebase-auth:20.0.1] AndroidManifest.xml:45:9-62:20
134            android:name="com.google.firebase.auth.internal.RecaptchaActivity"
134-->[com.google.firebase:firebase-auth:20.0.1] AndroidManifest.xml:46:13-79
135            android:excludeFromRecents="true"
135-->[com.google.firebase:firebase-auth:20.0.1] AndroidManifest.xml:47:13-46
136            android:exported="true"
136-->[com.google.firebase:firebase-auth:20.0.1] AndroidManifest.xml:48:13-36
137            android:launchMode="singleTask"
137-->[com.google.firebase:firebase-auth:20.0.1] AndroidManifest.xml:49:13-44
138            android:theme="@android:style/Theme.Translucent.NoTitleBar" >
138-->[com.google.firebase:firebase-auth:20.0.1] AndroidManifest.xml:50:13-72
139            <intent-filter>
139-->[com.google.firebase:firebase-auth:20.0.1] AndroidManifest.xml:51:13-61:29
140                <action android:name="android.intent.action.VIEW" />
140-->[com.google.firebase:firebase-auth:20.0.1] AndroidManifest.xml:34:17-69
140-->[com.google.firebase:firebase-auth:20.0.1] AndroidManifest.xml:34:25-66
141
142                <category android:name="android.intent.category.DEFAULT" />
142-->[com.google.firebase:firebase-auth:20.0.1] AndroidManifest.xml:36:17-76
142-->[com.google.firebase:firebase-auth:20.0.1] AndroidManifest.xml:36:27-73
143                <category android:name="android.intent.category.BROWSABLE" />
143-->[com.google.firebase:firebase-auth:20.0.1] AndroidManifest.xml:37:17-78
143-->[com.google.firebase:firebase-auth:20.0.1] AndroidManifest.xml:37:27-75
144
145                <data
145-->[com.google.firebase:firebase-auth:20.0.1] AndroidManifest.xml:39:17-42:51
146                    android:host="firebase.auth"
146-->[com.google.firebase:firebase-auth:20.0.1] AndroidManifest.xml:40:21-49
147                    android:path="/"
147-->[com.google.firebase:firebase-auth:20.0.1] AndroidManifest.xml:41:21-37
148                    android:scheme="recaptcha" />
148-->[com.google.firebase:firebase-auth:20.0.1] AndroidManifest.xml:42:21-48
149            </intent-filter>
150        </activity>
151
152        <service
152-->[com.google.firebase:firebase-auth:20.0.1] AndroidManifest.xml:64:9-73:19
153            android:name="com.google.firebase.auth.api.fallback.service.FirebaseAuthFallbackService"
153-->[com.google.firebase:firebase-auth:20.0.1] AndroidManifest.xml:65:13-101
154            android:enabled="true"
154-->[com.google.firebase:firebase-auth:20.0.1] AndroidManifest.xml:66:13-35
155            android:exported="false" >
155-->[com.google.firebase:firebase-auth:20.0.1] AndroidManifest.xml:67:13-37
156            <intent-filter>
156-->[com.google.firebase:firebase-auth:20.0.1] AndroidManifest.xml:68:13-72:29
157                <action android:name="com.google.firebase.auth.api.gms.service.START" />
157-->[com.google.firebase:firebase-auth:20.0.1] AndroidManifest.xml:69:17-89
157-->[com.google.firebase:firebase-auth:20.0.1] AndroidManifest.xml:69:25-86
158
159                <category android:name="android.intent.category.DEFAULT" />
159-->[com.google.firebase:firebase-auth:20.0.1] AndroidManifest.xml:36:17-76
159-->[com.google.firebase:firebase-auth:20.0.1] AndroidManifest.xml:36:27-73
160            </intent-filter>
161        </service>
162
163        <activity
163-->[com.google.android.gms:play-services-base:17.1.0] AndroidManifest.xml:23:9-26:75
164            android:name="com.google.android.gms.common.api.GoogleApiActivity"
164-->[com.google.android.gms:play-services-base:17.1.0] AndroidManifest.xml:24:13-79
165            android:exported="false"
165-->[com.google.android.gms:play-services-base:17.1.0] AndroidManifest.xml:25:13-37
166            android:theme="@android:style/Theme.Translucent.NoTitleBar" />
166-->[com.google.android.gms:play-services-base:17.1.0] AndroidManifest.xml:26:13-72
167
168        <provider
168-->[com.google.firebase:firebase-common:19.5.0] AndroidManifest.xml:26:9-31:39
169            android:name="com.google.firebase.provider.FirebaseInitProvider"
169-->[com.google.firebase:firebase-common:19.5.0] AndroidManifest.xml:27:13-77
170            android:authorities="com.zynotech.dental_rescue.firebaseinitprovider"
170-->[com.google.firebase:firebase-common:19.5.0] AndroidManifest.xml:28:13-72
171            android:directBootAware="true"
171-->[com.google.firebase:firebase-common:19.5.0] AndroidManifest.xml:29:13-43
172            android:exported="false"
172-->[com.google.firebase:firebase-common:19.5.0] AndroidManifest.xml:30:13-37
173            android:initOrder="100" />
173-->[com.google.firebase:firebase-common:19.5.0] AndroidManifest.xml:31:13-36
174
175        <meta-data
175-->[com.google.android.gms:play-services-basement:17.1.0] AndroidManifest.xml:23:9-25:69
176            android:name="com.google.android.gms.version"
176-->[com.google.android.gms:play-services-basement:17.1.0] AndroidManifest.xml:24:13-58
177            android:value="@integer/google_play_services_version" />
177-->[com.google.android.gms:play-services-basement:17.1.0] AndroidManifest.xml:25:13-66
178
179        <provider
179-->[androidx.lifecycle:lifecycle-process:2.3.0-rc01] AndroidManifest.xml:25:9-29:43
180            android:name="androidx.lifecycle.ProcessLifecycleOwnerInitializer"
180-->[androidx.lifecycle:lifecycle-process:2.3.0-rc01] AndroidManifest.xml:26:13-79
181            android:authorities="com.zynotech.dental_rescue.lifecycle-process"
181-->[androidx.lifecycle:lifecycle-process:2.3.0-rc01] AndroidManifest.xml:27:13-69
182            android:exported="false"
182-->[androidx.lifecycle:lifecycle-process:2.3.0-rc01] AndroidManifest.xml:28:13-37
183            android:multiprocess="true" />
183-->[androidx.lifecycle:lifecycle-process:2.3.0-rc01] AndroidManifest.xml:29:13-40
184
185        <meta-data
185-->[com.android.billingclient:billing:4.0.0] AndroidManifest.xml:13:9-15:37
186            android:name="com.google.android.play.billingclient.version"
186-->[com.android.billingclient:billing:4.0.0] AndroidManifest.xml:14:13-73
187            android:value="4.0.0" />
187-->[com.android.billingclient:billing:4.0.0] AndroidManifest.xml:15:13-34
188
189        <activity
189-->[com.android.billingclient:billing:4.0.0] AndroidManifest.xml:17:9-21:75
190            android:name="com.android.billingclient.api.ProxyBillingActivity"
190-->[com.android.billingclient:billing:4.0.0] AndroidManifest.xml:18:13-78
191            android:configChanges="keyboard|keyboardHidden|screenLayout|screenSize|orientation"
191-->[com.android.billingclient:billing:4.0.0] AndroidManifest.xml:19:13-96
192            android:exported="false"
192-->[com.android.billingclient:billing:4.0.0] AndroidManifest.xml:20:13-37
193            android:theme="@android:style/Theme.Translucent.NoTitleBar" />
193-->[com.android.billingclient:billing:4.0.0] AndroidManifest.xml:21:13-72
194    </application>
195
196</manifest>